<?xml version="1.0" encoding="UTF-8"?>
<testng-results ignored="0" total="1" passed="1" failed="0" skipped="0">
  <reporter-output>
  </reporter-output>
  <suite started-at="2026-05-17T18:20:39 IST" name="APITest" finished-at="2026-05-17T18:20:42 IST" duration-ms="3302">
    <groups>
    </groups>
    <test started-at="2026-05-17T18:20:39 IST" name="Command line test" finished-at="2026-05-17T18:20:42 IST" duration-ms="3302">
      <class name="APITest">
        <test-method signature="test1()[pri:0, instance:APITest@8dbdac1]" started-at="2026-05-17T18:20:39 IST" name="test1" finished-at="2026-05-17T18:20:42 IST" duration-ms="3249" status="PASS">
          <reporter-output>
          </reporter-output>
        </test-method> <!-- test1 -->
      </class> <!-- APITest -->
    </test> <!-- Command line test -->
  </suite> <!-- APITest -->
</testng-results>
